<?xml version="1.0" encoding="UTF-8"?>
<!-- Generated by org.testng.reporters.JUnitXMLReporter -->
<testsuite hostname="DESKTOP-2EHDPTI" ignored="0" name="Test" tests="1" failures="1" timestamp="22 Nov 2019 10:02:29 GMT" time="269.138" errors="0">
  <testcase name="testUntitled" time="266.775" classname="Logic.NegativePaymentGold">
    <failure type="org.openqa.selenium.ElementClickInterceptedException" message="element click intercepted: Element &amp;lt;input class=&amp;quot;pay-btn ui-btn-hidden&amp;quot; onclick=&amp;quot;ajax_paymenttrack_insert_wap(&amp;apos;1&amp;apos;,&amp;apos;31&amp;apos;);&amp;quot; type=&amp;quot;submit&amp;quot; id=&amp;quot;debit-card-submit&amp;quot; value=&amp;quot;PAY&amp;quot; data-disabled=&amp;quot;false&amp;quot;&amp;gt; is not clickable at point (205, 583). Other element would receive the click: &amp;lt;iframe allowfullscreen=&amp;quot;true&amp;quot; webkitallowfullscreen=&amp;quot;true&amp;quot; mozallowfullscreen=&amp;quot;true&amp;quot; class=&amp;quot;gmg_chat&amp;quot; style=&amp;quot;max-width: 500px; max-height: 100%; height: 349px; position: fixed; bottom: 0px; left: 3px; text-align: left; z-index: 2147483647; border: 0px; border-radius: 4px 4px 0px 0px; box-shadow: rgb(51, 51, 51) 0px 0px 5px; width: 98% !important; overflow: hidden;&amp;quot; marginheight=&amp;quot;0&amp;quot; marginwidth=&amp;quot;0&amp;quot; frameborder=&amp;quot;0&amp;quot;&amp;gt;&amp;lt;/iframe&amp;gt;
  (Session info: chrome=78.0.3904.87)
Build info: version: &amp;apos;3.141.59&amp;apos;, revision: &amp;apos;e82be7d358&amp;apos;, time: &amp;apos;2018-11-14T08:17:03&amp;apos;
System info: host: &amp;apos;DESKTOP-2EHDPTI&amp;apos;, ip: &amp;apos;192.168.64.141&amp;apos;, os.name: &amp;apos;Windows 10&amp;apos;, os.arch: &amp;apos;amd64&amp;apos;, os.version: &amp;apos;10.0&amp;apos;, java.version: &amp;apos;1.8.0_161&amp;apos;
Driver info: org.openqa.selenium.chrome.ChromeDriver
Capabilities {acceptInsecureCerts: false, browserName: chrome, browserVersion: 78.0.3904.87, chrome: {chromedriverVersion: 77.0.3865.40 (f484704e052e0..., userDataDir: C:\Windows\TEMP\scoped_dir7...}, goog:chromeOptions: {debuggerAddress: localhost:56205}, javascriptEnabled: true, networkConnectionEnabled: false, pageLoadStrategy: normal, platform: XP, platformName: XP, proxy: Proxy(), setWindowRect: true, strictFileInteractability: false, timeouts: {implicit: 0, pageLoad: 300000, script: 30000}, unhandledPromptBehavior: dismiss and notify}
Session ID: 8ea31c2e046dc2955d56298c43305d69">
      <![CDATA[org.openqa.selenium.ElementClickInterceptedException: element click intercepted: Element <input class="pay-btn ui-btn-hidden" onclick="ajax_paymenttrack_insert_wap('1','31');" type="submit" id="debit-card-submit" value="PAY" data-disabled="false"> is not clickable at point (205, 583). Other element would receive the click: <iframe allowfullscreen="true" webkitallowfullscreen="true" mozallowfullscreen="true" class="gmg_chat" style="max-width: 500px; max-height: 100%; height: 349px; position: fixed; bottom: 0px; left: 3px; text-align: left; z-index: 2147483647; border: 0px; border-radius: 4px 4px 0px 0px; box-shadow: rgb(51, 51, 51) 0px 0px 5px; width: 98% !important; overflow: hidden;" marginheight="0" marginwidth="0" frameborder="0"></iframe>
  (Session info: chrome=78.0.3904.87)
Build info: version: '3.141.59', revision: 'e82be7d358', time: '2018-11-14T08:17:03'
System info: host: 'DESKTOP-2EHDPTI', ip: '192.168.64.141', os.name: 'Windows 10', os.arch: 'amd64', os.version: '10.0', java.version: '1.8.0_161'
Driver info: org.openqa.selenium.chrome.ChromeDriver
Capabilities {acceptInsecureCerts: false, browserName: chrome, browserVersion: 78.0.3904.87, chrome: {chromedriverVersion: 77.0.3865.40 (f484704e052e0..., userDataDir: C:\Windows\TEMP\scoped_dir7...}, goog:chromeOptions: {debuggerAddress: localhost:56205}, javascriptEnabled: true, networkConnectionEnabled: false, pageLoadStrategy: normal, platform: XP, platformName: XP, proxy: Proxy(), setWindowRect: true, strictFileInteractability: false, timeouts: {implicit: 0, pageLoad: 300000, script: 30000}, unhandledPromptBehavior: dismiss and notify}
Session ID: 8ea31c2e046dc2955d56298c43305d69
at org.openqa.selenium.remote.http.W3CHttpResponseCodec.createException(W3CHttpResponseCodec.java:187)
at org.openqa.selenium.remote.http.W3CHttpResponseCodec.decode(W3CHttpResponseCodec.java:122)
at org.openqa.selenium.remote.http.W3CHttpResponseCodec.decode(W3CHttpResponseCodec.java:49)
at org.openqa.selenium.remote.HttpCommandExecutor.execute(HttpCommandExecutor.java:158)
at org.openqa.selenium.remote.service.DriverCommandExecutor.execute(DriverCommandExecutor.java:83)
at org.openqa.selenium.remote.RemoteWebDriver.execute(RemoteWebDriver.java:552)
at org.openqa.selenium.remote.RemoteWebElement.execute(RemoteWebElement.java:285)
at org.openqa.selenium.remote.RemoteWebElement.click(RemoteWebElement.java:84)
at Logic.NegativePaymentGold.testUntitled(NegativePaymentGold.java:110)
... Removed 32 stack frames]]>
    </failure>
  </testcase> <!-- testUntitled -->
</testsuite> <!-- Test -->
