<?xml version="1.0" encoding="UTF-8"?>
<testsuite xmlns:xsi="http://www.w3.org/2001/XMLSchema-instance" xsi:schemaLocation="https://maven.apache.org/surefire/maven-surefire-plugin/xsd/surefire-test-report.xsd" name="TestSuite" time="4.204" tests="2" errors="0" skipped="1" failures="1">
  <properties>
[...]
</properties>
  <testcase name="launch" classname="logic.StagingPwaRegistration" time="4.009">
    <failure message="session not created: This version of ChromeDriver only supports Chrome version 79&#10;Build info: version: &apos;3.141.59&apos;, revision: &apos;e82be7d358&apos;, time: &apos;2018-11-14T08:17:03&apos;&#10;System info: host: &apos;10503-D-71026&apos;, ip: &apos;192.168.1.12&apos;, os.name: &apos;Windows 10&apos;, os.arch: &apos;amd64&apos;, os.version: &apos;10.0&apos;, java.version: &apos;1.8.0_251&apos;&#10;Driver info: driver.version: ChromeDriver&#10;remote stacktrace: Backtrace:&#10;	Ordinal0 [0x00CAA113+1548563]&#10;	Ordinal0 [0x00C2DDA1+1039777]&#10;	Ordinal0 [0x00BAE485+517253]&#10;	Ordinal0 [0x00B3FD34+64820]&#10;	Ordinal0 [0x00B3C61E+50718]&#10;	Ordinal0 [0x00B5B797+178071]&#10;	Ordinal0 [0x00B5B59D+177565]&#10;	Ordinal0 [0x00B595FB+169467]&#10;	Ordinal0 [0x00B4160A+71178]&#10;	Ordinal0 [0x00B42690+75408]&#10;	Ordinal0 [0x00B42629+75305]&#10;	Ordinal0 [0x00C471B7+1143223]&#10;	GetHandleVerifier [0x00D42B46+507814]&#10;	GetHandleVerifier [0x00D42864+507076]&#10;	GetHandleVerifier [0x00D49F47+537511]&#10;	GetHandleVerifier [0x00D43402+510050]&#10;	Ordinal0 [0x00C3F29C+1110684]&#10;	Ordinal0 [0x00C4938B+1151883]&#10;	Ordinal0 [0x00C494F3+1152243]&#10;	Ordinal0 [0x00C483F5+1147893]&#10;	BaseThreadInitThunk [0x76F06359+25]&#10;	RtlGetAppContainerNamedObjectPath [0x77B27B74+228]&#10;	RtlGetAppContainerNamedObjectPath [0x77B27B44+180]&#10;" type="org.openqa.selenium.SessionNotCreatedException">org.openqa.selenium.SessionNotCreatedException: 
session not created: This version of ChromeDriver only supports Chrome version 79
Build info: version: '3.141.59', revision: 'e82be7d358', time: '2018-11-14T08:17:03'
System info: host: '10503-D-71026', ip: '192.168.1.12', os.name: 'Windows 10', os.arch: 'amd64', os.version: '10.0', java.version: '1.8.0_251'
Driver info: driver.version: ChromeDriver
remote stacktrace: Backtrace:
	Ordinal0 [0x00CAA113+1548563]
	Ordinal0 [0x00C2DDA1+1039777]
	Ordinal0 [0x00BAE485+517253]
	Ordinal0 [0x00B3FD34+64820]
	Ordinal0 [0x00B3C61E+50718]
	Ordinal0 [0x00B5B797+178071]
	Ordinal0 [0x00B5B59D+177565]
	Ordinal0 [0x00B595FB+169467]
	Ordinal0 [0x00B4160A+71178]
	Ordinal0 [0x00B42690+75408]
	Ordinal0 [0x00B42629+75305]
	Ordinal0 [0x00C471B7+1143223]
	GetHandleVerifier [0x00D42B46+507814]
	GetHandleVerifier [0x00D42864+507076]
	GetHandleVerifier [0x00D49F47+537511]
	GetHandleVerifier [0x00D43402+510050]
	Ordinal0 [0x00C3F29C+1110684]
	Ordinal0 [0x00C4938B+1151883]
	Ordinal0 [0x00C494F3+1152243]
	Ordinal0 [0x00C483F5+1147893]
	BaseThreadInitThunk [0x76F06359+25]
	RtlGetAppContainerNamedObjectPath [0x77B27B74+228]
	RtlGetAppContainerNamedObjectPath [0x77B27B44+180]

	at logic.StagingPwaRegistration.launch(StagingPwaRegistration.java:42)
</failure>
    <system-err><![CDATA[Starting ChromeDriver 79.0.3945.36 (3582db32b33893869b8c1339e8f4d9ed1816f143-refs/branch-heads/3945@{#614}) on port 20109
Only local connections are allowed.
Please protect ports used by ChromeDriver and related test frameworks to prevent access by malicious code.
]]></system-err>
  </testcase>
  <testcase name="test" classname="logic.StagingPwaRegistration" time="0">
    <skipped message="session not created: This version of ChromeDriver only supports Chrome version 79&#10;Build info: version: &apos;3.141.59&apos;, revision: &apos;e82be7d358&apos;, time: &apos;2018-11-14T08:17:03&apos;&#10;System info: host: &apos;10503-D-71026&apos;, ip: &apos;192.168.1.12&apos;, os.name: &apos;Windows 10&apos;, os.arch: &apos;amd64&apos;, os.version: &apos;10.0&apos;, java.version: &apos;1.8.0_251&apos;&#10;Driver info: driver.version: ChromeDriver&#10;remote stacktrace: Backtrace:&#10;	Ordinal0 [0x00CAA113+1548563]&#10;	Ordinal0 [0x00C2DDA1+1039777]&#10;	Ordinal0 [0x00BAE485+517253]&#10;	Ordinal0 [0x00B3FD34+64820]&#10;	Ordinal0 [0x00B3C61E+50718]&#10;	Ordinal0 [0x00B5B797+178071]&#10;	Ordinal0 [0x00B5B59D+177565]&#10;	Ordinal0 [0x00B595FB+169467]&#10;	Ordinal0 [0x00B4160A+71178]&#10;	Ordinal0 [0x00B42690+75408]&#10;	Ordinal0 [0x00B42629+75305]&#10;	Ordinal0 [0x00C471B7+1143223]&#10;	GetHandleVerifier [0x00D42B46+507814]&#10;	GetHandleVerifier [0x00D42864+507076]&#10;	GetHandleVerifier [0x00D49F47+537511]&#10;	GetHandleVerifier [0x00D43402+510050]&#10;	Ordinal0 [0x00C3F29C+1110684]&#10;	Ordinal0 [0x00C4938B+1151883]&#10;	Ordinal0 [0x00C494F3+1152243]&#10;	Ordinal0 [0x00C483F5+1147893]&#10;	BaseThreadInitThunk [0x76F06359+25]&#10;	RtlGetAppContainerNamedObjectPath [0x77B27B74+228]&#10;	RtlGetAppContainerNamedObjectPath [0x77B27B44+180]&#10;"/>
  </testcase>
</testsuite>