<?xml version="1.0" encoding="UTF-8"?>
<testng-results skipped="0" failed="0" total="1" passed="1">
  <reporter-output>
  </reporter-output>
  <suite name="Default suite" duration-ms="465152" started-at="2019-11-20T05:27:41Z" finished-at="2019-11-20T05:35:26Z">
    <groups>
    </groups>
    <test name="Default test" duration-ms="465152" started-at="2019-11-20T05:27:41Z" finished-at="2019-11-20T05:35:26Z">
      <class name="testscripts.RegisterTest">
        <test-method status="PASS" signature="reportConfig()[pri:0, instance:testscripts.RegisterTest@523884b2]" name="reportConfig" is-config="true" duration-ms="301" started-at="2019-11-20T10:57:41Z" finished-at="2019-11-20T10:57:41Z">
          <reporter-output>
          </reporter-output>
        </test-method> <!-- reportConfig -->
        <test-method status="PASS" signature="startUp()[pri:0, instance:testscripts.RegisterTest@523884b2]" name="startUp" is-config="true" duration-ms="9361" started-at="2019-11-20T10:57:41Z" finished-at="2019-11-20T10:57:51Z">
          <reporter-output>
          </reporter-output>
        </test-method> <!-- startUp -->
        <test-method status="PASS" signature="registerTest()[pri:0, instance:testscripts.RegisterTest@523884b2]" name="registerTest" duration-ms="455271" started-at="2019-11-20T10:57:51Z" finished-at="2019-11-20T11:05:26Z">
          <reporter-output>
          </reporter-output>
        </test-method> <!-- registerTest -->
        <test-method status="PASS" signature="getResult(org.testng.ITestResult)[pri:0, instance:testscripts.RegisterTest@523884b2]" name="getResult" is-config="true" duration-ms="490" started-at="2019-11-20T11:05:26Z" finished-at="2019-11-20T11:05:26Z">
          <params>
            <param index="0">
              <value>
                <![CDATA[[TestResult name=registerTest status=SUCCESS method=RegisterTest.registerTest()[pri:0, instance:testscripts.RegisterTest@523884b2] output={null}]]]>
              </value>
            </param>
          </params>
          <reporter-output>
          </reporter-output>
        </test-method> <!-- getResult -->
        <test-method status="PASS" signature="reportflush()[pri:0, instance:testscripts.RegisterTest@523884b2]" name="reportflush" is-config="true" duration-ms="13084" started-at="2019-11-20T11:05:27Z" finished-at="2019-11-20T11:05:40Z">
          <reporter-output>
          </reporter-output>
        </test-method> <!-- reportflush -->
      </class> <!-- testscripts.RegisterTest -->
    </test> <!-- Default test -->
  </suite> <!-- Default suite -->
</testng-results>
