<?xml version="1.0" encoding="UTF-8"?>
<testng-results skipped="0" failed="0" ignored="0" total="1" passed="1">
  <reporter-output>
  </reporter-output>
  <suite name="Default suite" duration-ms="39389" started-at="2020-09-18T06:20:58Z" finished-at="2020-09-18T06:21:37Z">
    <groups>
    </groups>
    <test name="Default test" duration-ms="39389" started-at="2020-09-18T06:20:58Z" finished-at="2020-09-18T06:21:37Z">
      <class name="logic.LoginLogoutDesk">
        <test-method status="PASS" signature="htmlReport()[pri:0, instance:logic.LoginLogoutDesk@6ebc05a6]" name="htmlReport" is-config="true" duration-ms="118" started-at="2020-09-18T06:20:57Z" finished-at="2020-09-18T06:20:58Z">
          <reporter-output>
          </reporter-output>
        </test-method> <!-- htmlReport -->
        <test-method status="PASS" signature="setUp()[pri:0, instance:logic.LoginLogoutDesk@6ebc05a6]" name="setUp" is-config="true" duration-ms="4055" started-at="2020-09-18T06:20:58Z" finished-at="2020-09-18T06:21:02Z">
          <reporter-output>
          </reporter-output>
        </test-method> <!-- setUp -->
        <test-method status="PASS" signature="testCase()[pri:0, instance:logic.LoginLogoutDesk@6ebc05a6]" name="testCase" duration-ms="35317" started-at="2020-09-18T06:21:02Z" finished-at="2020-09-18T06:21:37Z">
          <reporter-output>
          </reporter-output>
        </test-method> <!-- testCase -->
      </class> <!-- logic.LoginLogoutDesk -->
    </test> <!-- Default test -->
  </suite> <!-- Default suite -->
</testng-results>
