<?xml version="1.0" encoding="UTF-8"?>
<testng-results skipped="0" failed="0" ignored="0" total="2" passed="2">
  <reporter-output>
  </reporter-output>
  <suite name="Default suite" duration-ms="61951" started-at="2019-07-17T08:26:12Z" finished-at="2019-07-17T08:27:14Z">
    <groups>
    </groups>
    <test name="Default test" duration-ms="61951" started-at="2019-07-17T08:26:12Z" finished-at="2019-07-17T08:27:14Z">
      <class name="com.TestScripts.Communication_Api_Test">
        <test-method status="PASS" signature="Inbox_verify()[pri:1, instance:com.TestScripts.Communication_Api_Test@25bbe1b6]" name="Inbox_verify" duration-ms="50088" started-at="2019-07-17T08:26:13Z" finished-at="2019-07-17T08:27:03Z">
          <reporter-output>
          </reporter-output>
        </test-method> <!-- Inbox_verify -->
        <test-method status="PASS" signature="communicationDetails()[pri:2, instance:com.TestScripts.Communication_Api_Test@25bbe1b6]" name="communicationDetails" duration-ms="11821" started-at="2019-07-17T08:27:03Z" finished-at="2019-07-17T08:27:14Z">
          <reporter-output>
          </reporter-output>
        </test-method> <!-- communicationDetails -->
      </class> <!-- com.TestScripts.Communication_Api_Test -->
    </test> <!-- Default test -->
  </suite> <!-- Default suite -->
</testng-results>
