<?xml version="1.0" encoding="UTF-8"?>
<testng-results skipped="0" failed="0" total="1" passed="1">
  <reporter-output>
  </reporter-output>
  <suite name="Suite" duration-ms="84115" started-at="2019-06-28T05:15:58Z" finished-at="2019-06-28T05:17:22Z">
    <groups>
    </groups>
    <test name="Test" duration-ms="84115" started-at="2019-06-28T05:15:58Z" finished-at="2019-06-28T05:17:22Z">
      <class name="testscripts.PaymentTest">
        <test-method status="PASS" signature="reportConfig()[pri:0, instance:testscripts.PaymentTest@6adca536]" name="reportConfig" is-config="true" duration-ms="187" started-at="2019-06-28T10:45:57Z" finished-at="2019-06-28T10:45:58Z">
          <reporter-output>
          </reporter-output>
        </test-method> <!-- reportConfig -->
        <test-method status="PASS" signature="startUp()[pri:0, instance:testscripts.PaymentTest@6adca536]" name="startUp" is-config="true" duration-ms="2767" started-at="2019-06-28T10:45:58Z" finished-at="2019-06-28T10:46:00Z">
          <reporter-output>
          </reporter-output>
        </test-method> <!-- startUp -->
        <test-method status="PASS" signature="paymentTest()[pri:0, instance:testscripts.PaymentTest@6adca536]" name="paymentTest" duration-ms="81342" started-at="2019-06-28T10:46:00Z" finished-at="2019-06-28T10:47:22Z">
          <reporter-output>
          </reporter-output>
        </test-method> <!-- paymentTest -->
        <test-method status="PASS" signature="getResult(org.testng.ITestResult)[pri:0, instance:testscripts.PaymentTest@6adca536]" name="getResult" is-config="true" duration-ms="0" started-at="2019-06-28T10:47:22Z" finished-at="2019-06-28T10:47:22Z">
          <params>
            <param index="0">
              <value>
                <![CDATA[[TestResult name=paymentTest status=SUCCESS method=PaymentTest.paymentTest()[pri:0, instance:testscripts.PaymentTest@6adca536] output={null}]]]>
              </value>
            </param>
          </params>
          <reporter-output>
          </reporter-output>
        </test-method> <!-- getResult -->
        <test-method status="PASS" signature="reportflush()[pri:0, instance:testscripts.PaymentTest@6adca536]" name="reportflush" is-config="true" duration-ms="4757" started-at="2019-06-28T10:47:22Z" finished-at="2019-06-28T10:47:26Z">
          <reporter-output>
          </reporter-output>
        </test-method> <!-- reportflush -->
      </class> <!-- testscripts.PaymentTest -->
    </test> <!-- Test -->
  </suite> <!-- Suite -->
</testng-results>
