<?xml version="1.0" encoding="UTF-8"?>
<testng-results skipped="0" failed="0" ignored="0" total="1" passed="1">
  <reporter-output>
  </reporter-output>
  <suite name="Suite" duration-ms="72393" started-at="2019-12-06T08:43:04Z" finished-at="2019-12-06T08:44:17Z">
    <groups>
    </groups>
    <test name="Test" duration-ms="72393" started-at="2019-12-06T08:43:04Z" finished-at="2019-12-06T08:44:17Z">
      <class name="com.Testscripts.PayMentTest">
        <test-method status="PASS" signature="htmlReport()[pri:0, instance:com.Testscripts.PayMentTest@6a2bcfcb]" name="htmlReport" is-config="true" duration-ms="96" started-at="2019-12-06T08:43:02Z" finished-at="2019-12-06T08:43:02Z">
          <reporter-output>
          </reporter-output>
        </test-method> <!-- htmlReport -->
        <test-method status="PASS" signature="startUp()[pri:0, instance:com.Testscripts.PayMentTest@6a2bcfcb]" name="startUp" is-config="true" duration-ms="2656" started-at="2019-12-06T08:43:02Z" depends-on-methods="com.Base.BaseTest.htmlReport" finished-at="2019-12-06T08:43:04Z">
          <reporter-output>
          </reporter-output>
        </test-method> <!-- startUp -->
        <test-method status="PASS" signature="payment()[pri:0, instance:com.Testscripts.PayMentTest@6a2bcfcb]" name="payment" duration-ms="72191" started-at="2019-12-06T08:43:04Z" finished-at="2019-12-06T08:44:16Z">
          <reporter-output>
          </reporter-output>
        </test-method> <!-- payment -->
        <test-method status="PASS" signature="smsTest(org.testng.ITestResult)[pri:0, instance:com.Testscripts.PayMentTest@6a2bcfcb]" name="smsTest" is-config="true" duration-ms="193" started-at="2019-12-06T08:44:16Z" finished-at="2019-12-06T08:44:17Z">
          <params>
            <param index="0">
              <value>
                <![CDATA[[TestResult name=payment status=SUCCESS method=PayMentTest.payment()[pri:0, instance:com.Testscripts.PayMentTest@6a2bcfcb] output={null}]]]>
              </value>
            </param>
          </params>
          <reporter-output>
          </reporter-output>
        </test-method> <!-- smsTest -->
      </class> <!-- com.Testscripts.PayMentTest -->
    </test> <!-- Test -->
  </suite> <!-- Suite -->
</testng-results>
