<?xml version="1.0" encoding="UTF-8"?>
<testng-results skipped="0" failed="0" ignored="0" total="1" passed="1">
  <reporter-output>
  </reporter-output>
  <suite name="Default suite" duration-ms="292497" started-at="2020-03-19T07:08:58Z" finished-at="2020-03-19T07:13:50Z">
    <groups>
    </groups>
    <test name="Default test" duration-ms="292497" started-at="2020-03-19T07:08:58Z" finished-at="2020-03-19T07:13:50Z">
      <class name="Logic.WcsmFemalePI">
        <test-method status="PASS" signature="htmlReport()[pri:0, instance:Logic.WcsmFemalePI@5ce81285]" name="htmlReport" is-config="true" duration-ms="109" started-at="2020-03-19T07:08:58Z" finished-at="2020-03-19T07:08:58Z">
          <reporter-output>
          </reporter-output>
        </test-method> <!-- htmlReport -->
        <test-method status="PASS" signature="setUp1()[pri:0, instance:Logic.WcsmFemalePI@5ce81285]" name="setUp1" is-config="true" duration-ms="3032" started-at="2020-03-19T07:08:58Z" finished-at="2020-03-19T07:09:01Z">
          <reporter-output>
          </reporter-output>
        </test-method> <!-- setUp1 -->
        <test-method status="PASS" signature="testUntitled()[pri:0, instance:Logic.WcsmFemalePI@5ce81285]" name="testUntitled" duration-ms="289452" started-at="2020-03-19T07:09:01Z" finished-at="2020-03-19T07:13:50Z">
          <reporter-output>
          </reporter-output>
        </test-method> <!-- testUntitled -->
      </class> <!-- Logic.WcsmFemalePI -->
    </test> <!-- Default test -->
  </suite> <!-- Default suite -->
</testng-results>
