<?xml version="1.0" encoding="UTF-8"?>
<testng-results skipped="0" failed="0" ignored="0" total="1" passed="1">
  <reporter-output>
  </reporter-output>
  <suite name="Default suite" duration-ms="145672" started-at="2019-07-19T09:37:16Z" finished-at="2019-07-19T09:39:42Z">
    <groups>
    </groups>
    <test name="Default test" duration-ms="145672" started-at="2019-07-19T09:37:16Z" finished-at="2019-07-19T09:39:42Z">
      <class name="com.Testscripts.DivorceePayment">
        <test-method status="PASS" signature="htmlReport()[pri:0, instance:com.Testscripts.DivorceePayment@617faa95]" name="htmlReport" is-config="true" duration-ms="110" started-at="2019-07-19T09:37:13Z" finished-at="2019-07-19T09:37:13Z">
          <reporter-output>
          </reporter-output>
        </test-method> <!-- htmlReport -->
        <test-method status="PASS" signature="startUp()[pri:0, instance:com.Testscripts.DivorceePayment@617faa95]" name="startUp" is-config="true" duration-ms="3126" started-at="2019-07-19T09:37:13Z" depends-on-methods="com.Base.BaseTest.htmlReport" finished-at="2019-07-19T09:37:16Z">
          <reporter-output>
          </reporter-output>
        </test-method> <!-- startUp -->
        <test-method status="PASS" signature="divorceePayment()[pri:0, instance:com.Testscripts.DivorceePayment@617faa95]" name="divorceePayment" duration-ms="145138" started-at="2019-07-19T09:37:16Z" finished-at="2019-07-19T09:39:41Z">
          <reporter-output>
          </reporter-output>
        </test-method> <!-- divorceePayment -->
        <test-method status="PASS" signature="smsTest(org.testng.ITestResult)[pri:0, instance:com.Testscripts.DivorceePayment@617faa95]" name="smsTest" is-config="true" duration-ms="530" started-at="2019-07-19T09:39:41Z" finished-at="2019-07-19T09:39:42Z">
          <params>
            <param index="0">
              <value>
                <![CDATA[[TestResult name=divorceePayment status=SUCCESS method=DivorceePayment.divorceePayment()[pri:0, instance:com.Testscripts.DivorceePayment@617faa95] output={null}]]]>
              </value>
            </param>
          </params>
          <reporter-output>
          </reporter-output>
        </test-method> <!-- smsTest -->
      </class> <!-- com.Testscripts.DivorceePayment -->
    </test> <!-- Default test -->
  </suite> <!-- Default suite -->
</testng-results>
