<?xml version="1.0" encoding="UTF-8"?>
<testng-results skipped="0" failed="0" ignored="0" total="1" passed="1">
  <reporter-output>
  </reporter-output>
  <suite name="Default suite" duration-ms="623622" started-at="2019-11-22T09:42:45Z" finished-at="2019-11-22T09:53:09Z">
    <groups>
    </groups>
    <test name="Default test" duration-ms="623622" started-at="2019-11-22T09:42:45Z" finished-at="2019-11-22T09:53:09Z">
      <class name="Logic.EditPP">
        <test-method status="PASS" signature="setUp1()[pri:0, instance:Logic.EditPP@ff5b51f]" name="setUp1" is-config="true" duration-ms="3002" started-at="2019-11-22T09:42:45Z" finished-at="2019-11-22T09:42:48Z">
          <reporter-output>
          </reporter-output>
        </test-method> <!-- setUp1 -->
        <test-method status="PASS" signature="testUntitled()[pri:0, instance:Logic.EditPP@ff5b51f]" name="testUntitled" duration-ms="620602" started-at="2019-11-22T09:42:48Z" finished-at="2019-11-22T09:53:09Z">
          <reporter-output>
          </reporter-output>
        </test-method> <!-- testUntitled -->
      </class> <!-- Logic.EditPP -->
    </test> <!-- Default test -->
  </suite> <!-- Default suite -->
</testng-results>
