<?xml version="1.0" encoding="UTF-8"?>
<testng-results skipped="0" failed="0" ignored="0" total="1" passed="1">
  <reporter-output>
  </reporter-output>
  <suite name="Default suite" duration-ms="53132" started-at="2020-07-29T08:20:30Z" finished-at="2020-07-29T08:21:23Z">
    <groups>
    </groups>
    <test name="Default test" duration-ms="53132" started-at="2020-07-29T08:20:30Z" finished-at="2020-07-29T08:21:23Z">
      <class name="cms.cmstest.Matches">
        <test-method status="PASS" signature="setUp1()[pri:0, instance:cms.cmstest.Matches@6adede5]" name="setUp1" is-config="true" duration-ms="4142" started-at="2020-07-29T13:50:30Z" finished-at="2020-07-29T13:50:34Z">
          <reporter-output>
          </reporter-output>
        </test-method> <!-- setUp1 -->
        <test-method status="PASS" signature="testUntitled()[pri:0, instance:cms.cmstest.Matches@6adede5]" name="testUntitled" duration-ms="48972" started-at="2020-07-29T13:50:34Z" finished-at="2020-07-29T13:51:23Z">
          <reporter-output>
          </reporter-output>
        </test-method> <!-- testUntitled -->
      </class> <!-- cms.cmstest.Matches -->
    </test> <!-- Default test -->
  </suite> <!-- Default suite -->
</testng-results>
