<?xml version="1.0" encoding="UTF-8"?>
<testng-results skipped="0" failed="0" total="1" passed="1">
  <reporter-output>
  </reporter-output>
  <suite name="Default suite" duration-ms="387791" started-at="2019-11-19T10:01:01Z" finished-at="2019-11-19T10:07:29Z">
    <groups>
    </groups>
    <test name="Default test" duration-ms="387791" started-at="2019-11-19T10:01:01Z" finished-at="2019-11-19T10:07:29Z">
      <class name="testscripts.RegisterTest">
        <test-method status="PASS" signature="reportConfig()[pri:0, instance:testscripts.RegisterTest@523884b2]" name="reportConfig" is-config="true" duration-ms="203" started-at="2019-11-19T15:31:01Z" finished-at="2019-11-19T15:31:01Z">
          <reporter-output>
          </reporter-output>
        </test-method> <!-- reportConfig -->
        <test-method status="PASS" signature="startUp()[pri:0, instance:testscripts.RegisterTest@523884b2]" name="startUp" is-config="true" duration-ms="4009" started-at="2019-11-19T15:31:01Z" finished-at="2019-11-19T15:31:05Z">
          <reporter-output>
          </reporter-output>
        </test-method> <!-- startUp -->
        <test-method status="PASS" signature="registerTest()[pri:0, instance:testscripts.RegisterTest@523884b2]" name="registerTest" duration-ms="383122" started-at="2019-11-19T15:31:05Z" finished-at="2019-11-19T15:37:28Z">
          <reporter-output>
          </reporter-output>
        </test-method> <!-- registerTest -->
        <test-method status="PASS" signature="getResult(org.testng.ITestResult)[pri:0, instance:testscripts.RegisterTest@523884b2]" name="getResult" is-config="true" duration-ms="658" started-at="2019-11-19T15:37:28Z" finished-at="2019-11-19T15:37:29Z">
          <params>
            <param index="0">
              <value>
                <![CDATA[[TestResult name=registerTest status=SUCCESS method=RegisterTest.registerTest()[pri:0, instance:testscripts.RegisterTest@523884b2] output={null}]]]>
              </value>
            </param>
          </params>
          <reporter-output>
          </reporter-output>
        </test-method> <!-- getResult -->
        <test-method status="PASS" signature="reportflush()[pri:0, instance:testscripts.RegisterTest@523884b2]" name="reportflush" is-config="true" duration-ms="11053" started-at="2019-11-19T15:37:29Z" finished-at="2019-11-19T15:37:40Z">
          <reporter-output>
          </reporter-output>
        </test-method> <!-- reportflush -->
      </class> <!-- testscripts.RegisterTest -->
    </test> <!-- Default test -->
  </suite> <!-- Default suite -->
</testng-results>
