<?xml version="1.0" encoding="UTF-8"?>
<!-- Generated by org.testng.reporters.JUnitXMLReporter -->
<testsuite hostname="10503-2F-PG018EM7" ignored="2" name="Default test" tests="1" failures="0" timestamp="14 Feb 2020 13:36:33 GMT" time="87.694" errors="0">
  <testcase name="exceptMyGothram" time="87.676" classname="SprintTask.Gothram"/>
  <testcase name="changePIGothram" time="0.0" classname="SprintTask.Gothram">
    <ignored/>
  </testcase> <!-- changePIGothram -->
  <testcase name="allreadyViewedProfile" time="0.0" classname="SprintTask.Gothram">
    <ignored/>
  </testcase> <!-- allreadyViewedProfile -->
</testsuite> <!-- Default test -->
