<?xml version="1.0" encoding="UTF-8"?>
<testng-results skipped="0" failed="0" ignored="0" total="1" passed="1">
  <reporter-output>
  </reporter-output>
  <suite name="Suite" duration-ms="340103" started-at="2020-03-26T04:23:48Z" finished-at="2020-03-26T04:29:28Z">
    <groups>
    </groups>
    <test name="Test" duration-ms="340103" started-at="2020-03-26T04:23:48Z" finished-at="2020-03-26T04:29:28Z">
      <class name="logic.PakistaniRegistration">
        <test-method status="PASS" signature="htmlReport()[pri:0, instance:logic.PakistaniRegistration@4de8b406]" name="htmlReport" is-config="true" duration-ms="442" started-at="2020-03-26T04:23:47Z" finished-at="2020-03-26T04:23:48Z">
          <reporter-output>
          </reporter-output>
        </test-method> <!-- htmlReport -->
        <test-method status="PASS" signature="launch()[pri:0, instance:logic.PakistaniRegistration@4de8b406]" name="launch" is-config="true" duration-ms="12930" started-at="2020-03-26T04:23:48Z" finished-at="2020-03-26T04:24:01Z">
          <reporter-output>
          </reporter-output>
        </test-method> <!-- launch -->
        <test-method status="PASS" signature="test()[pri:0, instance:logic.PakistaniRegistration@4de8b406]" name="test" duration-ms="318175" started-at="2020-03-26T04:24:01Z" finished-at="2020-03-26T04:29:19Z">
          <reporter-output>
          </reporter-output>
        </test-method> <!-- test -->
        <test-method status="PASS" signature="mailReport(org.testng.ITestResult)[pri:0, instance:logic.PakistaniRegistration@4de8b406]" name="mailReport" is-config="true" duration-ms="8981" started-at="2020-03-26T04:29:19Z" finished-at="2020-03-26T04:29:28Z">
          <params>
            <param index="0">
              <value>
                <![CDATA[[TestResult name=test status=SUCCESS method=PakistaniRegistration.test()[pri:0, instance:logic.PakistaniRegistration@4de8b406] output={null}]]]>
              </value>
            </param>
          </params>
          <reporter-output>
          </reporter-output>
        </test-method> <!-- mailReport -->
      </class> <!-- logic.PakistaniRegistration -->
    </test> <!-- Test -->
  </suite> <!-- Suite -->
</testng-results>
